{
  "RSpec": {
    "coverage": {
      "/Users/evandavis/Desktop/market_money/config/environment.rb": {
        "lines": [
          null,
          1,
          null,
          null,
          1
        ]
      },
      "/Users/evandavis/Desktop/market_money/config/application.rb": {
        "lines": [
          1,
          null,
          1,
          null,
          1,
          1,
          1,
          1,
          1,
          1,
          1,
          1,
          1,
          1,
          null,
          null,
          null,
          null,
          1,
          null,
          1,
          1,
          null,
          1,
          null,
          null,
          null,
          null,
          1,
          null,
          null,
          null,
          null,
          null,
          null,
          null,
          null,
          null,
          null,
          null,
          null,
          1,
          null,
          null
        ]
      },
      "/Users/evandavis/Desktop/market_money/config/boot.rb": {
        "lines": [
          1,
          null,
          1,
          1
        ]
      },
      "/Users/evandavis/Desktop/market_money/config/environments/test.rb": {
        "lines": [
          1,
          null,
          null,
          null,
          null,
          null,
          null,
          1,
          null,
          null,
          null,
          1,
          null,
          null,
          null,
          null,
          null,
          1,
          null,
          null,
          1,
          1,
          null,
          null,
          null,
          null,
          1,
          1,
          1,
          null,
          null,
          1,
          null,
          null,
          1,
          null,
          null,
          1,
          null,
          1,
          null,
          null,
          null,
          null,
          1,
          null,
          null,
          1,
          null,
          null,
          1,
          null,
          null,
          1,
          null,
          null,
          null,
          null,
          null,
          null,
          null,
          null,
          1,
          null
        ]
      },
      "/Users/evandavis/Desktop/market_money/config/initializers/cors.rb": {
        "lines": [
          null,
          null,
          null,
          null,
          null,
          null,
          null,
          null,
          null,
          null,
          null,
          null,
          null,
          null,
          null,
          null
        ]
      },
      "/Users/evandavis/Desktop/market_money/config/initializers/filter_parameter_logging.rb": {
        "lines": [
          null,
          null,
          null,
          null,
          null,
          1,
          null,
          null
        ]
      },
      "/Users/evandavis/Desktop/market_money/config/initializers/inflections.rb": {
        "lines": [
          null,
          null,
          null,
          null,
          null,
          null,
          null,
          null,
          null,
          null,
          null,
          null,
          null,
          null,
          null,
          null
        ]
      },
      "/Users/evandavis/Desktop/market_money/spec/factories/market_vendors.rb": {
        "lines": [
          1,
          1,
          1,
          1,
          null,
          null
        ]
      },
      "/Users/evandavis/Desktop/market_money/spec/factories/markets.rb": {
        "lines": [
          1,
          1,
          4,
          8,
          8,
          8,
          8,
          8,
          8,
          8,
          null,
          null
        ]
      },
      "/Users/evandavis/Desktop/market_money/spec/factories/vendors.rb": {
        "lines": [
          1,
          1,
          82,
          86,
          82,
          83,
          82,
          null,
          null,
          null,
          null
        ]
      },
      "/Users/evandavis/Desktop/market_money/config/routes.rb": {
        "lines": [
          1,
          1,
          1,
          1,
          1,
          null,
          1,
          1,
          null,
          null,
          null
        ]
      },
      "/Users/evandavis/Desktop/market_money/app/models/market.rb": {
        "lines": [
          1,
          1,
          1,
          null,
          null,
          null,
          1,
          4,
          null,
          null
        ]
      },
      "/Users/evandavis/Desktop/market_money/app/models/application_record.rb": {
        "lines": [
          1,
          1,
          null
        ]
      },
      "/Users/evandavis/Desktop/market_money/spec/models/vendor_spec.rb": {
        "lines": [
          1,
          null,
          1,
          1,
          2,
          2,
          null,
          null
        ]
      },
      "/Users/evandavis/Desktop/market_money/app/models/vendor.rb": {
        "lines": [
          1,
          1,
          1,
          null,
          1,
          1,
          null,
          1,
          null,
          1,
          89,
          0,
          null,
          null,
          null
        ]
      },
      "/Users/evandavis/Desktop/market_money/spec/requests/api/v0/create_a_market_vendor_spec.rb": {
        "lines": [

        ]
      },
      "/Users/evandavis/Desktop/market_money/spec/requests/api/v0/create_a_vendor_spec.rb": {
        "lines": [
          1,
          null,
          1,
          1,
          1,
          null,
          1,
          null,
          null,
          null,
          null,
          null,
          null,
          null,
          1,
          null,
          1,
          null,
          null,
          null,
          null,
          null,
          1,
          1,
          1,
          null,
          1,
          1,
          null,
          1,
          1,
          1,
          null,
          null,
          null,
          1,
          1,
          1,
          null,
          1,
          1,
          null,
          3,
          1,
          1,
          null,
          null,
          null,
          null
        ]
      },
      "/Users/evandavis/Desktop/market_money/spec/requests/api/v0/delete_a_market_vendor_spec.rb": {
        "lines": [

        ]
      },
      "/Users/evandavis/Desktop/market_money/spec/requests/api/v0/get_a_market_by_id_spec.rb": {
        "lines": [
          1,
          null,
          1,
          1,
          3,
          3,
          null,
          1,
          1,
          1,
          null,
          1,
          1,
          1,
          1,
          1,
          null,
          null,
          null,
          1,
          1,
          1,
          null,
          1,
          1,
          1,
          null,
          null,
          null,
          null
        ]
      },
      "/Users/evandavis/Desktop/market_money/spec/requests/api/v0/get_a_vendor_by_id_spec.rb": {
        "lines": [
          1,
          null,
          1,
          1,
          1,
          2,
          null,
          1,
          1,
          null,
          1,
          1,
          null,
          1,
          1,
          1,
          1,
          1,
          null,
          null,
          null,
          1,
          1,
          1,
          null,
          1,
          1,
          null,
          1,
          null,
          null,
          null,
          null
        ]
      },
      "/Users/evandavis/Desktop/market_money/spec/requests/api/v0/get_all_markets_spec.rb": {
        "lines": [
          1,
          null,
          1,
          1,
          2,
          2,
          2,
          2,
          null,
          1,
          1,
          1,
          1,
          null,
          null,
          1,
          1,
          null,
          1,
          null,
          1,
          1,
          1,
          1,
          1,
          null,
          null,
          null
        ]
      },
      "/Users/evandavis/Desktop/market_money/spec/requests/api/v0/get_all_vendors_for_market_spec.rb": {
        "lines": [
          1,
          null,
          1,
          1,
          3,
          3,
          null,
          1,
          1,
          1,
          null,
          1,
          1,
          1,
          null,
          1,
          3,
          3,
          3,
          3,
          3,
          null,
          null,
          null,
          null,
          1,
          1,
          1,
          null,
          1,
          1,
          1,
          null,
          null,
          null,
          null
        ]
      },
      "/Users/evandavis/Desktop/market_money/spec/requests/api/v0/update_a_vendor_spec.rb": {
        "lines": [
          1,
          null,
          1,
          1,
          4,
          3,
          2,
          null,
          1,
          1,
          1,
          1,
          null,
          1,
          1,
          1,
          1,
          null,
          null,
          null,
          1,
          1,
          1,
          null,
          1,
          1,
          1,
          null,
          null,
          null,
          null,
          1,
          1,
          1,
          null,
          1,
          1,
          1,
          null,
          null,
          null,
          null
        ]
      },
      "/Users/evandavis/Desktop/market_money/app/models/market_vendor.rb": {
        "lines": [
          1,
          1,
          1,
          null,
          null
        ]
      },
      "/Users/evandavis/Desktop/market_money/app/controllers/api/v0/vendors_controller.rb": {
        "lines": [
          1,
          null,
          1,
          2,
          2,
          1,
          1,
          null,
          1,
          null,
          null,
          null,
          1,
          2,
          2,
          1,
          null,
          1,
          null,
          null,
          null,
          1,
          2,
          2,
          1,
          null,
          3,
          null,
          null,
          null,
          1,
          3,
          2,
          1,
          null,
          1,
          null,
          null,
          1,
          null,
          null,
          1,
          0,
          0,
          0,
          null,
          0,
          null,
          null,
          null,
          1,
          null,
          1,
          4,
          null,
          null,
          1,
          2,
          null,
          null,
          null
        ]
      },
      "/Users/evandavis/Desktop/market_money/app/controllers/application_controller.rb": {
        "lines": [
          1,
          null
        ]
      },
      "/Users/evandavis/Desktop/market_money/app/serializers/vendor_serializer.rb": {
        "lines": [
          1,
          1,
          1,
          null
        ]
      },
      "/Users/evandavis/Desktop/market_money/app/controllers/api/v0/markets_controller.rb": {
        "lines": [
          1,
          1,
          1,
          1,
          null,
          null,
          1,
          2,
          1,
          null,
          1,
          null,
          null
        ]
      },
      "/Users/evandavis/Desktop/market_money/app/serializers/market_serializer.rb": {
        "lines": [
          1,
          1,
          null,
          1,
          null,
          1,
          3,
          null,
          null
        ]
      }
    },
    "timestamp": 1724841115
  }
}
